
> hex-game-core@1.1.0 start
> node server.js

[2026-02-28 05:59:03] База данных SQLite инициализирована.
[2026-02-28 05:59:03] =====================================
[2026-02-28 05:59:03] 🚀 СЕРВЕР ЗАПУЩЕН НА ПОРТУ 2567
[2026-02-28 05:59:03] 📊 База данных: SQLite (WAL режим)
[2026-02-28 05:59:03] 🌐 Здоровье: http://localhost:2567/health
[2026-02-28 05:59:03] =====================================
[2026-02-28 06:00:08] Загружено 0 гексов из базы данных.
[2026-02-28 06:00:08] Игровая комната создана.
[2026-02-28 06:00:09] Сгенерировано 2008 новых гексов с ресурсами.
[2026-02-28 06:00:09] [Новый игрок] Командир 147 зарегистрирован с цветом #533483
[2026-02-28 06:00:09] [Спавн] Основатель для Командир 147 на (40, 0)
[2026-02-28 06:00:09] [Подключение] Командир 147 (цвет: #533483) | Онлайн: 1
[2026-02-28 06:00:19] [Отключение] Командир 147 | Онлайн: -1
[2026-02-28 06:00:19] Комната закрыта.
[2026-02-28 06:00:44] Загружено 2008 гексов из базы данных.
[2026-02-28 06:00:44] Игровая комната создана.
[2026-02-28 06:00:44] Сгенерировано 1480 новых гексов с ресурсами.
[2026-02-28 06:00:44] [Новый игрок] Командир 808 зарегистрирован с цветом #00d2ff
[2026-02-28 06:00:44] [Спавн] Основатель для Командир 808 на (40, 0)
[2026-02-28 06:00:44] [Подключение] Командир 808 (цвет: #00d2ff) | Онлайн: 1
[2026-02-28 06:01:13] [Захват] Командир 808 → гекс (0,-1)
[2026-02-28 06:01:16] [Отключение] Командир 808 | Онлайн: -1
[2026-02-28 06:01:16] Комната закрыта.
[2026-02-28 06:01:35] Загружено 3489 гексов из базы данных.
[2026-02-28 06:01:35] Игровая комната создана.
[2026-02-28 06:01:35] Сгенерировано 1089 новых гексов с ресурсами.
[2026-02-28 06:01:35] [Новый игрок] Командир 29 зарегистрирован с цветом #ff9a00
[2026-02-28 06:01:35] [Спавн] Основатель для Командир 29 на (40, 0)
[2026-02-28 06:01:35] [Подключение] Командир 29 (цвет: #ff9a00) | Онлайн: 1
[2026-02-28 06:02:23] [Захват] Командир 29 → гекс (1,-3)
[2026-02-28 06:02:25] [Отключение] Командир 29 | Онлайн: -1
[2026-02-28 06:02:25] Комната закрыта.
02:25] [Отключение] Командир 29 | Онлайн: -1
[2026-02-28 06:02:25] Комната закрыта.
